make all --print-data-base --no-builtin-variables --no-builtin-rules --question
# GNU Make 4.1
# Built for x86_64-pc-linux-gnu
# Copyright (C) 1988-2014 Free Software Foundation, Inc.
# License GPLv3+: GNU GPL version 3 or later <http://gnu.org/licenses/gpl.html>
# This is free software: you are free to change and redistribute it.
# There is NO WARRANTY, to the extent permitted by law.

# Make data base, printed on Fri Jun 24 20:48:19 2022

# Variables

# automatic
<D = $(patsubst %/,%,$(dir $<))
# automatic
?F = $(notdir $?)
# default
.SHELLFLAGS := -c
# environment
VSCODE_AGENT_FOLDER = /home/n2sl/.vscode-server
# environment
VSCODE_LOG_NATIVE = false
# makefile (from 'Makefile', line 6)
MSG = @echo
# makefile (from 'Makefile', line 1)
TARGET = SigAction  UDPEchoServer_SIGIO UDPEchoClient UDPEchoClient_Timeout TCPEchoServer_Fork TCPEchoServer_Thread
# automatic
?D = $(patsubst %/,%,$(dir $?))
# automatic
@D = $(patsubst %/,%,$(dir $@))
# automatic
@F = $(notdir $@)
# default
MAKE_VERSION := 4.1
# makefile
CURDIR := /home/n2sl/Desktop/Socket_Programming/06_Beyond_Basic_Socket_Programming
# makefile
SHELL = /bin/sh
# environment
VSCODE_NLS_CONFIG = {"locale":"ko","availableLanguages":{"*":"ko"},"_languagePackId":"26f3b44ea4f1e942cca002e9545643cc.ko","_translationsConfigFile":"/home/n2sl/.vscode-server/data/clp/26f3b44ea4f1e942cca002e9545643cc.ko/tcf.json","_cacheRoot":"/home/n2sl/.vscode-server/data/clp/26f3b44ea4f1e942cca002e9545643cc.ko","_resolvedLanguagePackCoreLocation":"/home/n2sl/.vscode-server/data/clp/26f3b44ea4f1e942cca002e9545643cc.ko/30d9c6cd9483b2cc586687151bcbcd635f373630","_corruptedFile":"/home/n2sl/.vscode-server/data/clp/26f3b44ea4f1e942cca002e9545643cc.ko/corrupted.info","_languagePackSupport":true}
# environment
_ = /home/n2sl/.vscode-server/bin/30d9c6cd9483b2cc586687151bcbcd635f373630/node
# makefile (from 'Makefile', line 5)
CFLAGS = -Wall -O3
# environment
NETRONOME_DIR = /opt/netronome
# makefile (from 'Makefile', line 1)
MAKEFILE_LIST :=  Makefile
# 'override' directive
GNUMAKEFLAGS := 
# environment
MAKELEVEL := 0
# environment
XDG_DATA_DIRS = /usr/local/share:/usr/share:/var/lib/snapd/desktop
# environment
VSCODE_VERBOSE_LOGGING = true
# environment
LESSOPEN = | /usr/bin/lesspipe %s
# environment
LC_NAME = ko_KR.UTF-8
# environment
VSCODE_CWD = /home/n2sl
# environment
SSH_CONNECTION = 10.20.16.135 34282 10.20.17.31 51111
# environment
PATH = /home/n2sl/.vscode-server/bin/30d9c6cd9483b2cc586687151bcbcd635f373630/bin/remote-cli:/home/n2sl/bin:/home/n2sl/.local/bin:/home/n2sl/.local/anaconda3/condabin:/usr/local/sbin:/usr/local/bin:/usr/sbin:/usr/bin:/sbin:/bin:/usr/games:/usr/local/games:/snap/bin:/opt/netronome/bin
# environment
XDG_RUNTIME_DIR = /run/user/1000
# makefile (from 'Makefile', line 7)
HIDE = @
# environment
VSCODE_LOG_STACK = false
# environment
LC_NUMERIC = ko_KR.UTF-8
# makefile (from 'Makefile', line 8)
LDFLAGS = -lpthread
# default
.FEATURES := target-specific order-only second-expansion else-if shortest-stem undefine oneshell archives jobserver output-sync check-symlink load
# environment
LS_COLORS = 
# automatic
%F = $(notdir $%)
# environment
CONDA_EXE = /home/n2sl/.local/anaconda3/bin/conda
# environment
VSCODE_PIPE_LOGGING = true
# environment
PWD = /home/n2sl/Desktop/Socket_Programming/06_Beyond_Basic_Socket_Programming
# environment
QT_QPA_PLATFORMTHEME = appmenu-qt5
# environment
VSCODE_IPC_HOOK_CLI = /run/user/1000/vscode-ipc-4f65a8b1-ae4c-4d4b-9c43-465f126c350e.sock
# automatic
*D = $(patsubst %/,%,$(dir $*))
# environment
VSCODE_AMD_ENTRYPOINT = vs/workbench/api/node/extensionHostProcess
# environment
HOME = /home/n2sl
# environment
LESSCLOSE = /usr/bin/lesspipe %s %s
# environment
LOGNAME = n2sl
# environment
APPLICATION_INSIGHTS_NO_DIAGNOSTIC_CHANNEL = true
# automatic
+F = $(notdir $+)
# environment
VSCODE_HANDLES_UNCAUGHT_ERRORS = true
# automatic
^D = $(patsubst %/,%,$(dir $^))
# environment
LC_TIME = ko_KR.UTF-8
# default
MAKE = $(MAKE_COMMAND)
# default
MAKECMDGOALS := all
# environment
SHLVL = 3
# makefile (from 'Makefile', line 4)
CC = gcc
# environment
XDG_SESSION_ID = 145
# environment
USER = n2sl
# environment
LC_MONETARY = ko_KR.UTF-8
# makefile
.DEFAULT_GOAL := all
# automatic
%D = $(patsubst %/,%,$(dir $%))
# environment
LC_TELEPHONE = ko_KR.UTF-8
# environment
CONDA_SHLVL = 0
# default
MAKE_COMMAND := make
# default
.VARIABLES := 
# automatic
*F = $(notdir $*)
# makefile
MAKEFLAGS = pqrR
# environment
MFLAGS = -pqrR
# environment
SSH_CLIENT = 10.20.16.135 34282 51111
# environment
MAIL = /var/mail/n2sl
# automatic
+D = $(patsubst %/,%,$(dir $+))
# environment
BROWSER = /home/n2sl/.vscode-server/bin/30d9c6cd9483b2cc586687151bcbcd635f373630/bin/helpers/browser.sh
# environment
VSCODE_HANDLES_SIGPIPE = true
# default
MAKEFILES := 
# automatic
<F = $(notdir $<)
# automatic
^F = $(notdir $^)
# environment
LC_MEASUREMENT = ko_KR.UTF-8
# environment
LC_ALL = C
# environment
CONDA_PYTHON_EXE = /home/n2sl/.local/anaconda3/bin/python
# environment
LC_PAPER = ko_KR.UTF-8
# default
SUFFIXES := 
# environment
_CE_M = 
# default
.INCLUDE_DIRS = /usr/include /usr/local/include /usr/include
# environment
LC_IDENTIFICATION = ko_KR.UTF-8
# default
.RECIPEPREFIX := 
# environment
LC_ADDRESS = ko_KR.UTF-8
# default
MAKE_HOST := x86_64-pc-linux-gnu
# environment
LANG = C
# environment
VSCODE_EXTHOST_WILL_SEND_SOCKET = true
# environment
_CE_CONDA = 
# variable set hash-table stats:
# Load=88/1024=9%, Rehash=0, Collisions=11/121=9%

# Pattern-specific Variable Values

# No pattern-specific variable values.

# Directories

# . (device 66306, inode 22413572): 12 files, no impossibilities.

# 12 files, no impossibilities in 1 directories.

# Implicit Rules

# No implicit rules.

# Files

TCPEchoServer_Fork: TCPEchoServer_Fork.c
#  Implicit rule search has not been done.
#  Modification time never checked.
#  File has not been updated.
#  recipe to execute (from 'Makefile', line 29):
	$(MSG) "CC $<"
	$(HIDE) $(CC) $(CFLAGS) -o $@ $<

# Not a target:
TCPEchoServer_Select.c:
#  Implicit rule search has not been done.
#  Modification time never checked.
#  File has not been updated.

all: SigAction UDPEchoServer_SIGIO UDPEchoClient UDPEchoClient_Timeout TCPEchoServer_Fork TCPEchoServer_Thread
#  Command line target.
#  Implicit rule search has been done.
#  File does not exist.
#  File has been updated.
#  Needs to be updated (-q is set).
# variable set hash-table stats:
# Load=0/32=0%, Rehash=0, Collisions=0/7=0%

UDPEchoClient: UDPEchoClient.c
#  Implicit rule search has not been done.
#  Modification time never checked.
#  File has not been updated.
#  recipe to execute (from 'Makefile', line 21):
	$(MSG) "CC $<"
	$(HIDE) $(CC) $(CFLAGS) -o $@ $<

UDPEchoServer_SIGIO: UDPEchoServer_SIGIO.c
#  Implicit rule search has not been done.
#  Modification time never checked.
#  File has not been updated.
#  recipe to execute (from 'Makefile', line 17):
	$(MSG) "CC $<"
	$(HIDE) $(CC) $(CFLAGS) -o $@ $<

# Not a target:
TCPEchoServer_Thread.c:
#  Implicit rule search has not been done.
#  Modification time never checked.
#  File has not been updated.

# Not a target:
.SUFFIXES:
#  Implicit rule search has not been done.
#  Modification time never checked.
#  File has not been updated.

# Not a target:
Makefile:
#  Implicit rule search has been done.
#  Last modified 2022-06-24 20:45:42.234958185
#  File has been updated.
#  Successfully updated.

# Not a target:
SigAction.c:
#  Implicit rule search has been done.
#  Last modified 2022-06-17 14:00:33.630613525
#  File has been updated.
#  Successfully updated.

UDPEchoClient_Timeout: UDPEchoClient_Timeout.c
#  Implicit rule search has not been done.
#  Modification time never checked.
#  File has not been updated.
#  recipe to execute (from 'Makefile', line 25):
	$(MSG) "CC $<"
	$(HIDE) $(CC) $(CFLAGS) -o $@ $<

# Not a target:
TCPEchoServer_Fork.c:
#  Implicit rule search has not been done.
#  Modification time never checked.
#  File has not been updated.

# Not a target:
UDPEchoClient.c:
#  Implicit rule search has not been done.
#  Modification time never checked.
#  File has not been updated.

# Not a target:
UDPEchoServer_SIGIO.c:
#  Implicit rule search has not been done.
#  Modification time never checked.
#  File has not been updated.

# Not a target:
.DEFAULT:
#  Implicit rule search has not been done.
#  Modification time never checked.
#  File has not been updated.

clean:
#  Implicit rule search has not been done.
#  Modification time never checked.
#  File has not been updated.
 
#  recipe to execute (from 'Makefile', line 41):
	rm -f $(TARGET)

# Not a target:
UDPEchoClient_Timeout.c:
#  Implicit rule search has not been done.
#  Modification time never checked.
#  File has not been updated.

TCPEchoServer_Select: TCPEchoServer_Select.c
#  Implicit rule search has not been done.
#  Modification time never checked.
#  File has not been updated.
#  recipe to execute (from 'Makefile', line 37):
	$(MSG) "CC $<"
	$(HIDE) $(CC) $(CFLAGS) -o $@ $<

TCPEchoServer_Thread: TCPEchoServer_Thread.c
#  Implicit rule search has not been done.
#  Modification time never checked.
#  File has not been updated.
#  recipe to execute (from 'Makefile', line 33):
	$(MSG) "CC $<"
	$(HIDE) $(CC) $(CFLAGS) -o $@ $< $(LDFLAGS)

SigAction: SigAction.c
#  Implicit rule search has not been done.
#  Implicit/static pattern stem: ''
#  File does not exist.
#  File has been updated.
#  Needs to be updated (-q is set).
# automatic
# @ := SigAction
# automatic
# % := 
# automatic
# * := 
# automatic
# + := SigAction.c
# automatic
# | := 
# automatic
# < := SigAction.c
# automatic
# ^ := SigAction.c
# automatic
# ? := SigAction.c
# variable set hash-table stats:
# Load=8/32=25%, Rehash=0, Collisions=1/18=6%
#  recipe to execute (from 'Makefile', line 13):
	$(MSG) "CC $<"
	$(HIDE) $(CC) $(CFLAGS) -o $@ $<

# files hash-table stats:
# Load=19/1024=2%, Rehash=0, Collisions=0/50=0%
# VPATH Search Paths

# No 'vpath' search paths.

# No general ('VPATH' variable) search path.

# strcache buffers: 1 (0) / strings = 25 / storage = 363 B / avg = 14 B
# current buf: size = 8162 B / used = 363 B / count = 25 / avg = 14 B

# strcache performance: lookups = 53 / hit rate = 52%
# hash-table stats:
# Load=25/8192=0%, Rehash=0, Collisions=1/53=2%
# Finished Make data base on Fri Jun 24 20:48:19 2022

 
